[GIN-debug] [WARNING] Creating an Engine instance with the Logger and Recovery middleware already attached.

[GIN-debug] [WARNING] Running in "debug" mode. Switch to "release" mode in production.
 - using env:	export GIN_MODE=release
 - using code:	gin.SetMode(gin.ReleaseMode)

[GIN-debug] Loaded HTML Templates (12): 
	- dashboard.html
	- feedback.html
	- host.html
	- index.html
	- login.html
	- check copy 2.html
	- check copy.html
	- check.html
	- service.html
	- 
	- docker-compose.html
	- docker.html

[GIN-debug] GET    /static/*filepath         --> github.com/gin-gonic/gin.(*RouterGroup).createStaticHandler.func1 (3 handlers)
[GIN-debug] HEAD   /static/*filepath         --> github.com/gin-gonic/gin.(*RouterGroup).createStaticHandler.func1 (3 handlers)
[GIN-debug] GET    /                         --> main.main.func1 (3 handlers)
[GIN-debug] POST   /login                    --> pix-console/controllers.(*Server).LoginHandler-fm (3 handlers)
[GIN-debug] GET    /logout                   --> pix-console/controllers.(*Server).LogoutHandler-fm (3 handlers)
[GIN-debug] GET    /index                    --> main.main.func2 (4 handlers)
[GIN-debug] GET    /host                     --> main.main.func3 (4 handlers)
[GIN-debug] GET    /check                    --> main.main.func4 (4 handlers)
[GIN-debug] GET    /docker                   --> main.main.func5 (4 handlers)
[GIN-debug] GET    /service                  --> main.main.func6 (4 handlers)
[GIN-debug] GET    /dashboard                --> main.main.func7 (4 handlers)
[GIN-debug] GET    /docker-compose           --> main.main.func8 (4 handlers)
[GIN-debug] GET    /feedback                 --> main.main.func9 (4 handlers)
[GIN-debug] GET    /swagger/*any             --> github.com/swaggo/gin-swagger.CustomWrapHandler.func1 (4 handlers)
[GIN-debug] GET    /api/v1/createfile        --> pix-console/controllers.CreateFileHandler (4 handlers)
[GIN-debug] POST   /api/v1/checkfile         --> pix-console/controllers.CheckFileHandler (4 handlers)
[GIN-debug] GET    /api/v1/checkmemory       --> pix-console/controllers.CheckMemoryHandler (4 handlers)
[GIN-debug] POST   /api/v1/startservice      --> pix-console/controllers.StartServiceHandler (4 handlers)
[GIN-debug] POST   /api/v1/start_pix_compose --> pix-console/controllers.StartPixComposeHandler (4 handlers)
[GIN-debug] POST   /api/v1/stop_pix_compose  --> pix-console/controllers.StopPixComposeHandler (4 handlers)
[GIN-debug] GET    /api/v1/docker_compose    --> pix-console/controllers.DockerComposeHandler (4 handlers)
[GIN-debug] POST   /api/v1/upload            --> pix-console/controllers.UploadDockerComposeHandler (4 handlers)
[GIN-debug] GET    /api/v1/download          --> pix-console/controllers.DownloadConfigHandler (4 handlers)
[GIN-debug] POST   /api/v1/uploadToStune     --> pix-console/controllers.UploadToStune (4 handlers)
[GIN-debug] GET    /api/v1/downloadFromStune --> pix-console/controllers.DownloadFromStune (4 handlers)
[GIN-debug] GET    /api/v1/clusterDownloadFromStune --> pix-console/controllers.ClusterDownloadFromStune (4 handlers)
[GIN-debug] GET    /api/v1/docker            --> pix-console/controllers.DockerHandler (4 handlers)
[GIN-debug] GET    /api/v1/cluster_docker    --> pix-console/controllers.(*Server).ClusterDockerHandler-fm (4 handlers)
[GIN-debug] GET    /api/v1/service           --> pix-console/controllers.ServiceHandler (4 handlers)
[GIN-debug] GET    /api/v1/cluster_service   --> pix-console/controllers.(*Server).ClusterServiceHandler-fm (4 handlers)
[GIN-debug] GET    /api/v1/serverlist        --> pix-console/controllers.(*Server).ServerlistHandler-fm (4 handlers)
[GIN-debug] POST   /api/v1/listen            --> pix-console/controllers.(*Server).MoniotrListenPort-fm (4 handlers)
[GIN-debug] POST   /api/v1/getpacket         --> pix-console/controllers.(*Server).MonitorHandler-fm (4 handlers)
[GIN-debug] GET    /api/v1/getpacket         --> pix-console/controllers.(*Server).GetMonitorHandler-fm (4 handlers)
[GIN-debug] [WARNING] You trusted all proxies, this is NOT safe. We recommend you to set a value.
Please check https://pkg.go.dev/github.com/gin-gonic/gin#readme-don-t-trust-all-proxies for details.
[GIN-debug] Listening and serving HTTP on :8080
